PATTY,ipc-2023/tpp,p21.pddl,False,True,20000,-1,0,-1,-1,1
PATTY,ipc-2023/ext-plant-watering,instance_15_7_2_1.pddl,False,True,20000,-1,0,64,152,8
PATTY-BV,line-exchange-quantity,10.pddl,True,False,10670.0,8,103,71,161,8
PATTY,ipc-2023/mprime,pfile13.pddl,False,True,20000,-1,0,-1,-1,-1
PATTY-BV,ipc-2023/farmland,instance_4_600_1229.pddl,False,True,20000,-1,0,-1,-1,-1
PATTY,line-exchange,3_5_50_10.pddl,False,True,20000,-1,0,-1,-1,1
PATTY-BV,ipc-2023/zenotravel,pfile22.pddl,False,True,20000,-1,0,-1,-1,-1
PATTY-BV,ipc-2023/counters,rnd_instance_28_1.pddl,True,False,2810.0,1,1232,112,281,1
PATTY-BV,ipc-2023/counters,rnd_instance_36_2.pddl,True,False,2620.0,1,2062,144,361,1
PATTY,ipc-2023/counters,rnd_instance_32_1.pddl,True,False,660.0,1,670,128,321,1
PATTY-BV,ipc-2023/fo-sailing,instance_1_2_1229.pddl,True,False,2510.0,3,526,23,59,3
PATTY-BV,ipc-2023/expedition,pfile6.pddl,False,True,20000,-1,0,-1,-1,-1
PATTY-BV,ipc-2023/mprime,pfile27.pddl,True,False,12690.0,2,344,573,1649,2
PATTY,ipc-2023/sugar,pfile12.pddl,False,True,20000,-1,0,513,1170,3
PATTY,ipc-2023/expedition,pfile16.pddl,False,True,20000,-1,0,158,359,5
PATTY,ipc-2023/farmland,instance_6_200_1229.pddl,True,False,620.0,1,138,70,134,1
PATTY,ipc-2023/fo_counters,instance_12.pddl,False,True,20000,-1,0,-1,-1,1
PATTY,line-exchange,5_15_50_10.pddl,False,True,20000,-1,0,-1,-1,1
PATTY-BV,ipc-2023/delivery,prob14.pddl,False,True,20000,-1,0,-1,-1,-1
PATTY,ipc-2023/tpp,p17.pddl,False,True,20000,-1,0,-1,-1,1
PATTY,ipc-2023/rover,pfile11.pddl,False,True,20000,-1,0,978,2310,3
PATTY-BV,ipc-2023/hydropower,pfile09.pddl,False,True,20000,-1,0,-1,-1,-1
PATTY,ipc-2023/delivery,prob04.pddl,False,True,20000,-1,0,662,1902,3
PATTY,ipc-2023/sailing,instance_2_2_1229.pddl,True,False,520.0,1,195,30,43,1
PATTY-BV,ipc-2023/drone,problem_5_10_1.pddl,False,True,20000,-1,0,-1,-1,-1
PATTY,line-exchange,4_10_90_50.pddl,False,True,20000,-1,0,-1,-1,1
PATTY-BV,ipc-2023/hydropower,pfile19.pddl,False,True,20000,-1,0,-1,-1,-1
PATTY-BV,ipc-2023/rover,pfile15.pddl,False,True,20000,-1,0,-1,-1,-1
PATTY,ipc-2023/block-grouping,instance_25_40_10_3.pddl,True,False,2880.0,1,734,320,801,1
PATTY-BV,ipc-2023/rover,pfile11.pddl,False,True,20000,-1,0,-1,-1,-1
PATTY-BV,ipc-2023/fo-farmland,instance_8_600_1229.pddl,False,False,3420.0,1,474,103,229,1
PATTY-BV,ipc-2023/sailing,instance_3_5_1229.pddl,True,False,7500.0,4,1944,58,125,4
PATTY,ipc-2023/expedition,pfile15.pddl,False,True,20000,-1,0,142,322,5
PATTY,ipc-2023/drone,problem_8_7_1.pddl,False,True,20000,-1,0,184,321,9
PATTY,line-exchange,4_10_25_50.pddl,False,True,20000,-1,0,-1,-1,1
PATTY,ipc-2023/zenotravel,pfile21.pddl,False,True,20000,-1,0,-1,-1,-1
PATTY-BV,ipc-2023/sugar,pfile20.pddl,False,True,20000,-1,0,-1,-1,-1
PATTY,ipc-2023/drone,problem_8_1_5.pddl,False,True,20000,-1,0,136,241,10
PATTY-BV,ipc-2023/mprime,pfile01.pddl,True,False,4180.0,2,74,179,442,2
PATTY,ipc-2023/hydropower,pfile05.pddl,True,False,8010.0,1,44,444,788,1
PATTY,ipc-2023/fo_counters,instance_13.pddl,False,True,20000,-1,0,106,238,2
PATTY-BV,ipc-2023/zenotravel,pfile11.pddl,False,True,20000,-1,0,-1,-1,-1
PATTY,ipc-2023/mprime,pfile14.pddl,False,True,20000,-1,0,-1,-1,-1
PATTY,ipc-2023/expedition,pfile18.pddl,False,True,20000,-1,0,190,433,5
PATTY,ipc-2023/fo-sailing,instance_1_4_1229.pddl,False,True,20000,-1,0,-1,-1,1
PATTY,ipc-2023/hydropower,pfile24.pddl,True,False,9270.0,1,279,444,788,1
PATTY,ipc-2023/drone,problem_1_9_3.pddl,False,True,20000,-1,0,97,176,10
PATTY-BV,ipc-2023/block-grouping,instance_20_10_2_3.pddl,True,False,2830.0,1,226,80,241,1
PATTY,ipc-2023/tpp,p30.pddl,False,True,20000,-1,0,-1,-1,1
PATTY,ipc-2023/drone,problem_1_1_4.pddl,True,False,860.0,3,13,28,61,3
PATTY-BV,ipc-2023/ext-plant-watering,instance_12_7_2_1.pddl,False,True,20000,-1,0,-1,-1,-1
PATTY-BV,ipc-2023/tpp,p38.pddl,False,True,20000,-1,0,-1,-1,-1
PATTY-BV,line-exchange,5_5_90_50.pddl,False,True,20000,-1,0,-1,-1,-1
PATTY,ipc-2023/sailing,instance_4_6_1229.pddl,True,False,830.0,2,1623,80,153,2
PATTY,ipc-2023/sugar,pfile04.pddl,False,True,20000,-1,0,478,1084,4
PATTY-BV,ipc-2023/delivery,prob18.pddl,False,True,20000,-1,0,-1,-1,-1
PATTY,line-exchange-quantity,1.pddl,False,True,20000,-1,0,-1,-1,1
PATTY-BV,line-exchange,3_15_50_50.pddl,True,False,11410.0,6,340,50,113,6
PATTY,ipc-2023/hydropower,pfile12.pddl,True,False,9160.0,1,117,444,788,1
PATTY-BV,ipc-2023/expedition,pfile8.pddl,False,True,20000,-1,0,-1,-1,-1
PATTY-BV,ipc-2023/zenotravel,pfile6.pddl,True,False,7580.0,3,19,234,680,3
PATTY-BV,line-exchange-quantity,4.pddl,True,False,9740.0,7,78,71,161,7
PATTY-BV,ipc-2023/fo-sailing,instance_3_3_1229.pddl,True,False,3290.0,2,770,62,177,2
PATTY,ipc-2023/ext-plant-watering,instance_14_17_2_1.pddl,False,True,20000,-1,0,104,242,8
PATTY-BV,ipc-2023/rover,pfile5.pddl,True,False,8750.0,3,75,370,814,3
PATTY-BV,ipc-2023/mprime,pfile13.pddl,False,True,20000,-1,0,-1,-1,-1
PATTY-BV,ipc-2023/fo_counters,instance_7.pddl,True,False,4590.0,2,456,58,158,2
PATTY,ipc-2023/fo-farmland,instance_4_300_1229.pddl,False,True,20000,-1,0,-1,-1,1
PATTY,ipc-2023/drone,problem_2_8_3.pddl,False,True,20000,-1,0,160,281,9
PATTY-BV,ipc-2023/farmland,instance_8_700_1229.pddl,False,True,20000,-1,0,-1,-1,-1
PATTY,ipc-2023/expedition,pfile14.pddl,False,True,20000,-1,0,126,285,5
PATTY-BV,ipc-2023/pathwaysmetric,pfile08.pddl,False,True,20000,-1,0,-1,-1,-1
PATTY,ipc-2023/sailing,instance_1_6_1229.pddl,True,False,1050.0,6,1549,29,48,6
PATTY,ipc-2023/sailing,instance_2_10_1229.pddl,False,True,20000,-1,0,62,123,5
PATTY,ipc-2023/mprime,pfile02.pddl,False,True,20000,-1,0,1807,5517,2
PATTY-BV,ipc-2023/satellite,pfile7.pddl,False,True,20000,-1,0,-1,-1,-1
PATTY,line-exchange,5_15_50_100.pddl,False,True,20000,-1,0,-1,-1,1
PATTY,line-exchange,3_5_25_100.pddl,False,True,20000,-1,0,-1,-1,1
PATTY,ipc-2023/fo_counters,instance_8.pddl,False,True,20000,-1,0,-1,-1,1
PATTY-BV,ipc-2023/drone,problem_10_10_3.pddl,False,True,20000,-1,0,-1,-1,-1
PATTY,ipc-2023/rover,pfile10.pddl,True,False,16170.000000000002,2,50,880,2034,2
PATTY-BV,ipc-2023/counters,rnd_instance_4_1.pddl,True,False,2460.0,1,30,16,41,1
PATTY,ipc-2023/counters,inv_instance_4.pddl,True,False,490.0,1,15,16,41,1
PATTY-BV,ipc-2023/rover,pfile2.pddl,True,False,4360.0,3,20,181,350,3
PATTY-BV,ipc-2023/block-grouping,instance_15_10_2_3.pddl,True,False,2530.0,1,195,80,241,1
PATTY,ipc-2023/rover,pfile16.pddl,False,True,20000,-1,0,1469,3491,1
PATTY,line-exchange,5_15_50_50.pddl,False,True,20000,-1,0,-1,-1,1
PATTY,ipc-2023/block-grouping,instance_20_10_2_3.pddl,True,False,870.0,1,94,80,201,1
PATTY-BV,line-exchange,3_15_90_100.pddl,True,False,18560.0,6,628,50,113,6
PATTY-BV,ipc-2023/block-grouping,instance_20_40_10_2.pddl,True,False,3670.0,1,1007,320,961,1
PATTY-BV,ipc-2023/ext-plant-watering,instance_15_15_2_1.pddl,False,True,20000,-1,0,-1,-1,-1
PATTY-BV,ipc-2023/mprime,pfile04.pddl,False,True,20000,-1,0,-1,-1,-1
PATTY,ipc-2023/block-grouping,instance_25_35_8_1.pddl,True,False,2250.0,1,695,280,701,1
PATTY-BV,line-exchange,2_5_50_10.pddl,True,False,2370.0,1,0,29,65,1
PATTY,ipc-2023/block-grouping,instance_100_25_6_2.pddl,True,False,970.0,1,1572,200,501,1
PATTY-BV,ipc-2023/pathwaysmetric,pfile10.pddl,False,True,20000,-1,0,-1,-1,-1
PATTY-BV,line-exchange,3_10_50_50.pddl,True,False,3730.0,4,415,50,113,4
PATTY,line-exchange,3_5_90_10.pddl,False,True,20000,-1,0,-1,-1,1
PATTY,line-exchange,4_10_90_100.pddl,False,True,20000,-1,0,-1,-1,1
PATTY-BV,ipc-2023/farmland,instance_6_600_1229.pddl,False,True,20000,-1,0,-1,-1,-1
PATTY-BV,line-exchange,3_10_90_50.pddl,True,False,3960.0,4,177,50,113,4
PATTY,ipc-2023/pathwaysmetric,pfile16.pddl,False,True,20000,-1,0,-1,-1,-1
PATTY,ipc-2023/delivery,prob07.pddl,False,True,20000,-1,0,1030,3002,3
PATTY,line-exchange,5_5_25_100.pddl,False,True,20000,-1,0,-1,-1,1
PATTY,ipc-2023/fo_counters,instance_14.pddl,False,True,20000,-1,0,114,256,2
PATTY-BV,line-exchange,5_5_50_10.pddl,False,True,20000,-1,0,-1,-1,-1
PATTY,line-exchange,5_5_50_100.pddl,False,True,20000,-1,0,-1,-1,1
PATTY,ipc-2023/pathwaysmetric,pfile04.pddl,False,True,20000,-1,0,-1,-1,-1
PATTY-BV,ipc-2023/expedition,pfile19.pddl,False,True,20000,-1,0,-1,-1,-1
PATTY,line-exchange,2_10_90_100.pddl,False,True,20000,-1,0,-1,-1,1
PATTY-BV,line-exchange,3_10_50_100.pddl,True,False,5470.0,7,604,50,113,7
PATTY,line-exchange,2_5_50_50.pddl,False,True,20000,-1,0,-1,-1,1
PATTY,ipc-2023/mprime,pfile24.pddl,False,True,20000,-1,0,-1,-1,1
PATTY-BV,ipc-2023/fo_counters,instance_14.pddl,True,False,7470.0,2,1070,114,312,2
PATTY,ipc-2023/tpp,p36.pddl,False,True,20000,-1,0,-1,-1,1
PATTY-BV,ipc-2023/pathwaysmetric,pfile20.pddl,False,True,20000,-1,0,-1,-1,-1
PATTY,ipc-2023/hydropower,pfile07.pddl,True,False,8310.0,1,52,444,788,1
PATTY-BV,ipc-2023/fo_counters,instance_2.pddl,True,False,2620.0,1,97,18,48,1
PATTY-BV,ipc-2023/delivery,prob08.pddl,False,True,20000,-1,0,-1,-1,-1
PATTY,line-exchange,4_15_90_50.pddl,False,True,20000,-1,0,-1,-1,1
PATTY-BV,ipc-2023/ext-plant-watering,instance_11_17_2_1.pddl,False,True,20000,-1,0,-1,-1,-1
PATTY-BV,ipc-2023/fo-sailing,instance_4_2_1229.pddl,True,False,3310.0,2,1291,74,215,2
PATTY-BV,ipc-2023/block-grouping,instance_20_5_2_1.pddl,True,False,2410.0,1,176,40,121,1
PATTY-BV,ipc-2023/sugar,pfile18.pddl,False,True,20000,-1,0,-1,-1,-1
PATTY,ipc-2023/counters,rnd_instance_24_1.pddl,True,False,600.0,1,306,96,241,1
PATTY-BV,line-exchange,5_10_25_50.pddl,True,False,12090.0,5,677,92,209,5
PATTY,line-exchange,4_5_50_50.pddl,False,True,20000,-1,0,-1,-1,1
PATTY,ipc-2023/sailing,instance_1_5_1229.pddl,True,False,960.0,5,1699,26,42,5
PATTY,ipc-2023/sailing,instance_2_7_1229.pddl,False,True,20000,-1,0,50,93,3
PATTY,ipc-2023/zenotravel,pfile11.pddl,True,False,10660.0,2,30,650,2074,2
PATTY-BV,ipc-2023/counters,rnd_instance_32_1.pddl,True,False,2560.0,1,1285,128,385,1
PATTY,line-exchange,3_15_90_10.pddl,False,True,20000,-1,0,-1,-1,1
PATTY-BV,ipc-2023/pathwaysmetric,pfile09.pddl,False,True,20000,-1,0,-1,-1,-1
PATTY-BV,ipc-2023/counters,rnd_instance_32_2.pddl,True,False,2850.0,1,1574,128,321,1
PATTY,ipc-2023/farmland,instance_4_600_1229.pddl,True,False,630.0,1,594,42,80,1
PATTY,ipc-2023/mprime,pfile15.pddl,False,True,20000,-1,0,-1,-1,1
PATTY,ipc-2023/farmland,instance_4_300_1229.pddl,True,False,600.0,1,177,42,80,1
PATTY,ipc-2023/drone,problem_3_3_4.pddl,False,True,20000,-1,0,124,221,9
PATTY,line-exchange,4_10_25_100.pddl,False,True,20000,-1,0,-1,-1,1
PATTY-BV,line-exchange,2_15_25_100.pddl,True,False,2550.0,1,202,29,65,1
PATTY,line-exchange,5_10_90_10.pddl,False,True,20000,-1,0,-1,-1,1
PATTY-BV,ipc-2023/mprime,pfile26.pddl,False,True,20000,-1,0,-1,-1,-1
PATTY-BV,ipc-2023/zenotravel,pfile1.pddl,True,False,2870.0,2,9,74,190,2
PATTY-BV,ipc-2023/drone,problem_1_1_2.pddl,True,False,2540.0,2,4,22,59,2
PATTY,ipc-2023/block-grouping,instance_15_10_2_3.pddl,True,False,640.0,1,100,80,201,1
PATTY,ipc-2023/sugar,pfile13.pddl,True,False,4640.0,2,50,513,1170,2
PATTY,ipc-2023/rover,pfile14.pddl,False,True,20000,-1,0,1133,2697,2
PATTY-BV,ipc-2023/satellite,pfile20.pddl,False,True,20000,-1,0,-1,-1,-1
PATTY-BV,ipc-2023/tpp,p29.pddl,False,True,20000,-1,0,-1,-1,-1
PATTY-BV,ipc-2023/fo-sailing,instance_2_2_1229.pddl,False,False,2620.0,2,1220,40,111,2
PATTY-BV,ipc-2023/rover,pfile3.pddl,True,False,7720.0,4,88,256,502,4
PATTY-BV,ipc-2023/delivery,prob09.pddl,False,True,20000,-1,0,-1,-1,-1
PATTY,ipc-2023/farmland,instance_10_700_1229.pddl,True,False,850.0,1,608,126,242,1
PATTY,ipc-2023/fo-sailing,instance_2_1_1229.pddl,False,True,20000,-1,0,-1,-1,1
PATTY,line-exchange,5_15_90_10.pddl,False,True,20000,-1,0,-1,-1,1
PATTY-BV,ipc-2023/fo-farmland,instance_4_400_1229.pddl,False,False,2690.0,1,142,47,101,1
PATTY,line-exchange,3_15_90_100.pddl,False,True,20000,-1,0,-1,-1,1
PATTY,ipc-2023/satellite,pfile10.pddl,False,True,20000,-1,0,-1,-1,1
PATTY-BV,ipc-2023/fo_counters,instance_21.pddl,True,False,11440.0,2,1828,170,466,2
PATTY-BV,ipc-2023/fo_counters,instance_19.pddl,True,False,10840.0,2,1657,154,422,2
PATTY-BV,line-exchange,5_5_50_100.pddl,True,False,7770.0,6,1568,92,209,6
PATTY-BV,line-exchange,3_5_90_10.pddl,True,False,4830.0,5,120,50,113,5
PATTY-BV,ipc-2023/fo_counters,instance_13.pddl,True,False,6580.0,2,351,106,290,2
PATTY-BV,ipc-2023/pathwaysmetric,pfile24.pddl,False,True,20000,-1,0,-1,-1,-1
