PATTY,ipc-2023/tpp,p21.pddl,False,True,15000,-1,0,-1,-1,1
PATTY,ipc-2023/ext-plant-watering,instance_15_7_2_1.pddl,False,True,15000,-1,0,64,152,10
PATTY-R-FROM-SECOND,line-exchange-quantity,10.pddl,False,False,3280.0,5,106,71,150,5
PATTY,ipc-2023/mprime,pfile13.pddl,False,True,15000,-1,0,-1,-1,-1
PATTY-R-FROM-SECOND,ipc-2023/farmland,instance_4_600_1229.pddl,False,False,2490.0,1,622,42,80,1
PATTY,line-exchange,3_5_50_10.pddl,False,False,900.0,5,63,50,105,5
PATTY-R,line-exchange,3_5_90_100.pddl,False,False,7100.0,6,664,50,105,6
PATTY-R,ipc-2023/fo-farmland,instance_2_200_1229.pddl,False,False,2360.0,1,128,19,32,1
PATTY-R,ipc-2023/expedition,pfile18.pddl,False,True,15000,-1,0,-1,-1,-1
PATTY-R-FROM-SECOND,ipc-2023/zenotravel,pfile22.pddl,False,True,15000,-1,0,-1,-1,-1
PATTY-R,ipc-2023/ext-plant-watering,instance_13_15_2_1.pddl,False,True,15000,-1,0,-1,-1,-1
PATTY-R-FROM-SECOND,ipc-2023/counters,rnd_instance_28_1.pddl,False,False,2720.0,1,1026,112,225,1
PATTY-R,ipc-2023/pathwaysmetric,pfile18.pddl,False,True,15000,-1,0,-1,-1,-1
PATTY-R-FROM-SECOND,ipc-2023/counters,rnd_instance_36_2.pddl,False,False,2810.0,1,1620,144,289,1
PATTY-R,line-exchange,5_5_25_50.pddl,False,False,4890.0,5,462,92,195,5
PATTY,ipc-2023/counters,rnd_instance_32_1.pddl,False,False,680.0,1,1471,128,321,1
PATTY-R-FROM-SECOND,ipc-2023/fo-sailing,instance_1_2_1229.pddl,False,False,2570.0,2,393,23,50,2
PATTY-R-FROM-SECOND,ipc-2023/expedition,pfile6.pddl,False,True,15000,-1,0,-1,-1,-1
PATTY-R,ipc-2023/hydropower,pfile01.pddl,False,True,15000,-1,0,-1,-1,-1
PATTY-R-FROM-SECOND,ipc-2023/mprime,pfile27.pddl,False,False,3510.0,1,221,573,1600,1
PATTY,ipc-2023/sugar,pfile12.pddl,False,False,11680.0,3,57,513,1170,3
PATTY,ipc-2023/expedition,pfile16.pddl,False,True,15000,-1,0,158,359,6
PATTY,ipc-2023/farmland,instance_6_200_1229.pddl,False,False,560.0,1,535,70,134,1
PATTY,ipc-2023/fo_counters,instance_12.pddl,False,False,2150.0,2,176,98,220,2
PATTY,line-exchange,5_15_50_10.pddl,False,False,1520.0,5,203,92,195,5
PATTY-R-FROM-SECOND,ipc-2023/delivery,prob14.pddl,False,True,15000,-1,0,-1,-1,-1
PATTY,ipc-2023/tpp,p17.pddl,False,True,15000,-1,0,-1,-1,1
PATTY,ipc-2023/rover,pfile11.pddl,False,True,15000,-1,0,978,2310,3
PATTY-R,ipc-2023/fo_counters,instance_14.pddl,False,True,15000,-1,0,-1,-1,-1
PATTY-R,ipc-2023/expedition,pfile20.pddl,False,True,15000,-1,0,-1,-1,-1
PATTY-R-FROM-SECOND,ipc-2023/hydropower,pfile09.pddl,False,False,9190.0,1,56,444,788,1
PATTY,ipc-2023/delivery,prob04.pddl,False,True,15000,-1,0,662,1902,3
PATTY-R,ipc-2023/pathwaysmetric,pfile08.pddl,False,True,15000,-1,0,-1,-1,-1
PATTY,ipc-2023/sailing,instance_2_2_1229.pddl,False,False,550.0,1,314,30,43,1
PATTY-R,ipc-2023/sugar,pfile15.pddl,False,False,6540.0,3,73,513,1170,3
PATTY-R-FROM-SECOND,ipc-2023/drone,problem_5_10_1.pddl,False,True,15000,-1,0,-1,-1,-1
PATTY,line-exchange,4_10_90_50.pddl,False,False,2000.0,5,392,71,150,5
PATTY-R-FROM-SECOND,ipc-2023/hydropower,pfile19.pddl,False,False,6700.0,1,107,444,788,1
PATTY-R,ipc-2023/sugar,pfile04.pddl,False,False,13280.0,5,75,478,1084,5
PATTY-R-FROM-SECOND,ipc-2023/rover,pfile15.pddl,False,True,15000,-1,0,-1,-1,-1
PATTY,ipc-2023/block-grouping,instance_25_40_10_3.pddl,False,False,1410.0,1,1310,320,801,1
PATTY-R-FROM-SECOND,ipc-2023/rover,pfile11.pddl,False,True,15000,-1,0,-1,-1,-1
PATTY-R,ipc-2023/farmland,instance_6_500_1229.pddl,False,False,2570.0,1,1193,70,134,1
PATTY-R,ipc-2023/mprime,pfile20.pddl,False,True,15000,-1,0,-1,-1,-1
PATTY-R-FROM-SECOND,ipc-2023/fo-farmland,instance_8_600_1229.pddl,False,False,2900.0,1,639,103,188,1
PATTY-R-FROM-SECOND,ipc-2023/sailing,instance_3_5_1229.pddl,False,False,2620.0,2,2502,58,104,2
PATTY,ipc-2023/expedition,pfile15.pddl,False,True,15000,-1,0,142,322,5
PATTY,ipc-2023/drone,problem_8_7_1.pddl,False,True,15000,-1,0,184,321,10
PATTY,line-exchange,4_10_25_50.pddl,False,False,660.0,2,220,71,150,2
PATTY,ipc-2023/zenotravel,pfile21.pddl,False,True,15000,-1,0,-1,-1,-1
PATTY-R,ipc-2023/satellite,pfile2.pddl,False,True,15000,-1,0,-1,-1,-1
PATTY-R-FROM-SECOND,ipc-2023/sugar,pfile20.pddl,False,False,11730.0,3,106,513,1170,3
PATTY,ipc-2023/drone,problem_8_1_5.pddl,False,True,15000,-1,0,136,241,10
PATTY-R,ipc-2023/farmland,instance_4_800_1229.pddl,False,False,2630.0,1,808,42,80,1
PATTY-R-FROM-SECOND,ipc-2023/mprime,pfile01.pddl,False,False,2650.0,1,73,179,406,1
PATTY,ipc-2023/hydropower,pfile05.pddl,False,False,2690.0,1,46,444,788,1
PATTY,ipc-2023/fo_counters,instance_13.pddl,False,False,2450.0,2,239,106,238,2
PATTY-R,ipc-2023/drone,problem_8_1_5.pddl,False,True,15000,-1,0,-1,-1,-1
PATTY-R-FROM-SECOND,ipc-2023/zenotravel,pfile11.pddl,False,False,6760.0,2,31,650,2074,2
PATTY,ipc-2023/mprime,pfile14.pddl,False,True,15000,-1,0,-1,-1,-1
PATTY,ipc-2023/expedition,pfile18.pddl,False,True,15000,-1,0,190,433,6
PATTY,ipc-2023/fo-sailing,instance_1_4_1229.pddl,False,False,870.0,4,1703,29,62,4
PATTY,ipc-2023/hydropower,pfile24.pddl,False,False,3930.0,1,228,444,788,1
PATTY,ipc-2023/drone,problem_1_9_3.pddl,False,True,15000,-1,0,97,176,10
PATTY-R-FROM-SECOND,ipc-2023/block-grouping,instance_20_10_2_3.pddl,False,False,2560.0,1,198,80,201,1
PATTY-R,line-exchange,2_10_90_50.pddl,False,False,2550.0,3,160,29,60,3
PATTY-R,ipc-2023/delivery,prob05.pddl,False,True,15000,-1,0,-1,-1,-1
PATTY-R,ipc-2023/expedition,pfile14.pddl,False,True,15000,-1,0,-1,-1,-1
PATTY-R,ipc-2023/ext-plant-watering,instance_14_19_2_1.pddl,False,True,15000,-1,0,-1,-1,-1
PATTY,ipc-2023/tpp,p30.pddl,False,True,15000,-1,0,-1,-1,1
PATTY,ipc-2023/drone,problem_1_1_4.pddl,False,False,640.0,3,13,28,61,3
PATTY-R-FROM-SECOND,ipc-2023/ext-plant-watering,instance_12_7_2_1.pddl,False,False,5820.0,8,387,64,152,8
PATTY-R-FROM-SECOND,ipc-2023/tpp,p38.pddl,False,True,15000,-1,0,-1,-1,-1
PATTY-R-FROM-SECOND,line-exchange,5_5_90_50.pddl,False,False,3880.0,4,442,92,195,4
PATTY,ipc-2023/sailing,instance_4_6_1229.pddl,False,False,560.0,2,2464,80,153,2
PATTY,ipc-2023/sugar,pfile04.pddl,False,True,15000,-1,0,478,1084,4
PATTY-R-FROM-SECOND,ipc-2023/delivery,prob18.pddl,False,True,15000,-1,0,-1,-1,-1
PATTY,line-exchange-quantity,1.pddl,False,False,1380.0,6,70,71,150,6
PATTY-R-FROM-SECOND,line-exchange,3_15_50_50.pddl,False,False,2840.0,4,325,50,105,4
PATTY-R,line-exchange,4_5_50_50.pddl,False,False,3390.0,5,316,71,150,5
PATTY-R,ipc-2023/expedition,pfile19.pddl,False,True,15000,-1,0,-1,-1,-1
PATTY,ipc-2023/hydropower,pfile12.pddl,False,False,2810.0,1,97,444,788,1
PATTY-R-FROM-SECOND,ipc-2023/expedition,pfile8.pddl,False,True,15000,-1,0,-1,-1,-1
PATTY-R-FROM-SECOND,ipc-2023/zenotravel,pfile6.pddl,False,False,3210.0,2,31,234,680,2
PATTY-R-FROM-SECOND,line-exchange-quantity,4.pddl,False,False,3000.0,4,55,71,150,4
PATTY-R,ipc-2023/sugar,pfile06.pddl,False,False,5710.0,3,39,513,1170,3
PATTY-R,ipc-2023/tpp,p36.pddl,False,True,15000,-1,0,-1,-1,-1
PATTY-R-FROM-SECOND,ipc-2023/fo-sailing,instance_3_3_1229.pddl,False,False,2530.0,1,250,62,150,1
PATTY,ipc-2023/ext-plant-watering,instance_14_17_2_1.pddl,False,True,15000,-1,0,104,242,7
PATTY-R,line-exchange-quantity,10.pddl,False,False,4260.0,7,116,71,150,7
PATTY-R-FROM-SECOND,ipc-2023/rover,pfile5.pddl,False,False,4220.0,2,59,370,804,2
PATTY-R-FROM-SECOND,ipc-2023/mprime,pfile13.pddl,False,True,15000,-1,0,-1,-1,-1
PATTY-R-FROM-SECOND,ipc-2023/fo_counters,instance_7.pddl,False,False,2720.0,2,98,58,130,2
PATTY,ipc-2023/fo-farmland,instance_4_300_1229.pddl,False,False,1580.0,1,517,47,84,1
PATTY,ipc-2023/drone,problem_2_8_3.pddl,False,True,15000,-1,0,160,281,11
PATTY-R-FROM-SECOND,ipc-2023/farmland,instance_8_700_1229.pddl,False,False,2680.0,1,629,98,188,1
PATTY,ipc-2023/expedition,pfile14.pddl,False,True,15000,-1,0,126,285,5
PATTY-R,ipc-2023/hydropower,pfile22.pddl,False,True,15000,-1,0,-1,-1,-1
PATTY-R,ipc-2023/fo-sailing,instance_4_1_1229.pddl,False,False,2500.0,1,193,68,161,1
PATTY-R-FROM-SECOND,ipc-2023/pathwaysmetric,pfile08.pddl,False,True,15000,-1,0,-1,-1,-1
PATTY,ipc-2023/sailing,instance_1_6_1229.pddl,False,False,670.0,6,1675,29,48,6
PATTY-R,ipc-2023/hydropower,pfile11.pddl,False,True,15000,-1,0,-1,-1,-1
PATTY-R,ipc-2023/sugar,pfile18.pddl,False,False,6480.0,3,59,513,1170,3
PATTY,ipc-2023/sailing,instance_2_10_1229.pddl,False,False,1000.0,5,4862,62,123,5
PATTY,ipc-2023/mprime,pfile02.pddl,False,False,13040.0,1,127,1807,5517,1
PATTY-R-FROM-SECOND,ipc-2023/satellite,pfile7.pddl,False,True,15000,-1,0,-1,-1,-1
PATTY,line-exchange,5_15_50_100.pddl,False,False,930.0,4,1053,92,195,4
PATTY,line-exchange,3_5_25_100.pddl,False,False,540.0,2,224,50,105,2
PATTY,ipc-2023/fo_counters,instance_8.pddl,False,False,990.0,2,93,66,148,2
PATTY-R,ipc-2023/hydropower,pfile20.pddl,False,True,15000,-1,0,-1,-1,-1
PATTY-R-FROM-SECOND,ipc-2023/drone,problem_10_10_3.pddl,False,True,15000,-1,0,-1,-1,-1
PATTY-R,ipc-2023/sailing,instance_1_7_1229.pddl,False,False,2740.0,6,2564,32,54,6
PATTY,ipc-2023/rover,pfile10.pddl,False,False,8230.0,2,82,880,2034,2
PATTY-R-FROM-SECOND,ipc-2023/counters,rnd_instance_4_1.pddl,False,False,2410.0,1,22,16,33,1
PATTY,ipc-2023/counters,inv_instance_4.pddl,False,False,450.0,1,31,16,41,1
PATTY-R,ipc-2023/drone,problem_2_5_4.pddl,False,True,15000,-1,0,-1,-1,-1
PATTY-R-FROM-SECOND,ipc-2023/rover,pfile2.pddl,False,False,3100.0,2,43,181,344,2
PATTY-R,line-exchange,4_10_90_50.pddl,False,False,5220.0,5,433,71,150,5
PATTY-R,ipc-2023/hydropower,pfile06.pddl,False,True,15000,-1,0,-1,-1,-1
PATTY-R,line-exchange,5_5_25_100.pddl,False,False,5470.0,5,1024,92,195,5
PATTY-R-FROM-SECOND,ipc-2023/block-grouping,instance_15_10_2_3.pddl,False,False,2580.0,1,215,80,201,1
PATTY,ipc-2023/rover,pfile16.pddl,False,True,15000,-1,0,1469,3491,2
PATTY,line-exchange,5_15_50_50.pddl,False,False,1820.0,5,468,92,195,5
PATTY,ipc-2023/block-grouping,instance_20_10_2_3.pddl,False,False,540.0,1,336,80,201,1
PATTY-R,ipc-2023/fo-sailing,instance_5_3_1229.pddl,False,False,2700.0,1,716,98,244,1
PATTY-R-FROM-SECOND,line-exchange,3_15_90_100.pddl,False,False,2900.0,3,549,50,105,3
PATTY-R-FROM-SECOND,ipc-2023/block-grouping,instance_20_40_10_2.pddl,False,False,4400.0,1,780,320,801,1
PATTY-R,ipc-2023/fo_counters,instance_21.pddl,False,True,15000,-1,0,-1,-1,-1
PATTY-R-FROM-SECOND,ipc-2023/ext-plant-watering,instance_15_15_2_1.pddl,False,True,15000,-1,0,-1,-1,-1
PATTY-R-FROM-SECOND,ipc-2023/mprime,pfile04.pddl,False,False,4580.0,2,172,520,1236,2
PATTY-R,line-exchange,4_15_25_50.pddl,False,False,2750.0,3,282,71,150,3
PATTY,ipc-2023/block-grouping,instance_25_35_8_1.pddl,False,False,1190.0,1,1160,280,701,1
PATTY-R-FROM-SECOND,line-exchange,2_5_50_10.pddl,False,False,2440.0,1,9,29,60,1
PATTY,ipc-2023/block-grouping,instance_100_25_6_2.pddl,False,False,850.0,1,2388,200,501,1
PATTY-R-FROM-SECOND,ipc-2023/pathwaysmetric,pfile10.pddl,False,True,15000,-1,0,-1,-1,-1
PATTY-R-FROM-SECOND,line-exchange,3_10_50_50.pddl,False,False,4750.0,5,240,50,105,5
PATTY-R,ipc-2023/drone,problem_1_1_4.pddl,False,False,2670.0,4,27,28,61,4
PATTY-R,ipc-2023/delivery,prob13.pddl,False,True,15000,-1,0,-1,-1,-1
PATTY,line-exchange,3_5_90_10.pddl,False,False,880.0,5,101,50,105,5
PATTY,line-exchange,4_10_90_100.pddl,False,False,590.0,2,435,71,150,2
PATTY-R-FROM-SECOND,ipc-2023/farmland,instance_6_600_1229.pddl,False,False,2580.0,1,1341,70,134,1
PATTY-R-FROM-SECOND,line-exchange,3_10_90_50.pddl,False,False,2720.0,2,182,50,105,2
PATTY,ipc-2023/pathwaysmetric,pfile16.pddl,False,True,15000,-1,0,-1,-1,-1
PATTY,ipc-2023/delivery,prob07.pddl,False,True,15000,-1,0,1030,3002,3
PATTY-R,ipc-2023/tpp,p21.pddl,False,True,15000,-1,0,-1,-1,-1
PATTY,line-exchange,5_5_25_100.pddl,False,False,5780.0,5,884,92,195,5
PATTY-R,ipc-2023/fo_counters,instance_10.pddl,False,False,4300.0,2,167,82,184,2
PATTY,ipc-2023/fo_counters,instance_14.pddl,False,False,1420.0,2,239,114,256,2
PATTY-R-FROM-SECOND,line-exchange,5_5_50_10.pddl,False,False,3420.0,4,150,92,195,4
PATTY,line-exchange,5_5_50_100.pddl,False,False,2410.0,5,850,92,195,5
PATTY,ipc-2023/pathwaysmetric,pfile04.pddl,False,True,15000,-1,0,-1,-1,-1
PATTY-R,ipc-2023/tpp,p06.pddl,False,True,15000,-1,0,-1,-1,-1
PATTY-R-FROM-SECOND,ipc-2023/expedition,pfile19.pddl,False,True,15000,-1,0,-1,-1,-1
PATTY,line-exchange,2_10_90_100.pddl,False,False,550.0,3,210,29,60,3
PATTY-R-FROM-SECOND,line-exchange,3_10_50_100.pddl,False,False,2970.0,3,434,50,105,3
PATTY,line-exchange,2_5_50_50.pddl,False,False,530.0,3,116,29,60,3
PATTY,ipc-2023/mprime,pfile24.pddl,False,True,15000,-1,0,-1,-1,1
PATTY-R-FROM-SECOND,ipc-2023/fo_counters,instance_14.pddl,False,True,15000,2,290,114,256,2
PATTY,ipc-2023/tpp,p36.pddl,False,True,15000,-1,0,-1,-1,1
PATTY-R-FROM-SECOND,ipc-2023/pathwaysmetric,pfile20.pddl,False,True,15000,-1,0,-1,-1,-1
PATTY,ipc-2023/hydropower,pfile07.pddl,False,True,15000,-1,0,-1,-1,1
PATTY-R-FROM-SECOND,ipc-2023/fo_counters,instance_2.pddl,False,False,2470.0,2,30,18,40,2
PATTY-R-FROM-SECOND,ipc-2023/delivery,prob08.pddl,False,True,15000,-1,0,-1,-1,-1
PATTY,line-exchange,4_15_90_50.pddl,False,False,2610.0,5,522,71,150,5
PATTY-R,ipc-2023/rover,pfile17.pddl,False,True,15000,-1,0,-1,-1,-1
PATTY-R-FROM-SECOND,ipc-2023/ext-plant-watering,instance_11_17_2_1.pddl,False,True,15000,-1,0,-1,-1,-1
PATTY-R-FROM-SECOND,ipc-2023/fo-sailing,instance_4_2_1229.pddl,False,False,2580.0,1,346,74,179,1
PATTY-R,ipc-2023/drone,problem_8_1_2.pddl,False,True,15000,-1,0,-1,-1,-1
PATTY-R,line-exchange,2_15_90_50.pddl,False,False,2600.0,4,124,29,60,4
PATTY-R,line-exchange,3_10_50_100.pddl,False,False,3130.0,5,542,50,105,5
PATTY-R-FROM-SECOND,ipc-2023/block-grouping,instance_20_5_2_1.pddl,False,False,2490.0,1,156,40,101,1
PATTY-R-FROM-SECOND,ipc-2023/sugar,pfile18.pddl,False,False,7070.0,3,77,513,1170,3
PATTY,ipc-2023/counters,rnd_instance_24_1.pddl,False,False,560.0,1,820,96,241,1
PATTY-R-FROM-SECOND,line-exchange,5_10_25_50.pddl,False,False,4360.0,4,554,92,195,4
PATTY,line-exchange,4_5_50_50.pddl,False,False,660.0,3,386,71,150,3
PATTY,ipc-2023/sailing,instance_1_5_1229.pddl,False,False,580.0,5,1447,26,42,5
PATTY-R,ipc-2023/ext-plant-watering,instance_10_17_2_1.pddl,False,True,15000,-1,0,-1,-1,-1
PATTY,ipc-2023/sailing,instance_2_7_1229.pddl,False,False,550.0,3,1935,50,93,3
PATTY,ipc-2023/zenotravel,pfile11.pddl,False,False,8170.0,2,35,650,2074,2
PATTY-R-FROM-SECOND,ipc-2023/counters,rnd_instance_32_1.pddl,False,False,2610.0,1,1690,128,321,1
PATTY-R,ipc-2023/expedition,pfile10.pddl,False,True,15000,-1,0,-1,-1,-1
PATTY-R,ipc-2023/pathwaysmetric,pfile11.pddl,False,True,15000,-1,0,-1,-1,-1
PATTY-R,ipc-2023/tpp,p04.pddl,False,False,5940.0,3,16,124,299,3
PATTY,line-exchange,3_15_90_10.pddl,False,False,740.0,4,111,50,105,4
PATTY-R-FROM-SECOND,ipc-2023/pathwaysmetric,pfile09.pddl,False,True,15000,-1,0,-1,-1,-1
PATTY-R,line-exchange,3_5_50_10.pddl,False,False,3400.0,6,116,50,105,6
PATTY-R,ipc-2023/counters,fz_instance_12.pddl,False,False,2570.0,1,102,48,121,1
PATTY-R-FROM-SECOND,ipc-2023/counters,rnd_instance_32_2.pddl,False,False,2630.0,1,1280,128,257,1
PATTY,ipc-2023/farmland,instance_4_600_1229.pddl,False,False,480.0,1,625,42,80,1
PATTY,ipc-2023/mprime,pfile15.pddl,False,True,15000,-1,0,-1,-1,1
PATTY-R,line-exchange,5_15_90_50.pddl,False,False,6770.0,6,597,92,195,6
PATTY-R,ipc-2023/delivery,prob11.pddl,False,True,15000,-1,0,-1,-1,-1
PATTY,ipc-2023/farmland,instance_4_300_1229.pddl,False,False,500.0,1,306,42,80,1
PATTY,ipc-2023/drone,problem_3_3_4.pddl,False,True,15000,-1,0,124,221,10
PATTY-R,ipc-2023/pathwaysmetric,pfile15.pddl,False,True,15000,-1,0,-1,-1,-1
PATTY,line-exchange,4_10_25_100.pddl,False,False,4890.0,5,984,71,150,5
PATTY-R,ipc-2023/ext-plant-watering,instance_12_15_2_1.pddl,False,True,15000,-1,0,-1,-1,-1
PATTY-R,ipc-2023/pathwaysmetric,pfile09.pddl,False,True,15000,-1,0,-1,-1,-1
PATTY-R-FROM-SECOND,line-exchange,2_15_25_100.pddl,False,False,2470.0,1,9,29,60,1
PATTY-R,ipc-2023/fo-farmland,instance_4_400_1229.pddl,False,False,2850.0,1,629,47,84,1
PATTY,line-exchange,5_10_90_10.pddl,False,False,1480.0,5,197,92,195,5
PATTY-R-FROM-SECOND,ipc-2023/mprime,pfile26.pddl,False,False,5390.0,1,218,1152,3408,1
PATTY-R-FROM-SECOND,ipc-2023/zenotravel,pfile1.pddl,False,False,2810.0,3,13,74,190,3
PATTY-R,ipc-2023/satellite,pfile16.pddl,False,True,15000,-1,0,-1,-1,-1
PATTY-R-FROM-SECOND,ipc-2023/drone,problem_1_1_2.pddl,False,False,2570.0,2,9,22,51,2
PATTY,ipc-2023/block-grouping,instance_15_10_2_3.pddl,False,False,580.0,1,176,80,201,1
PATTY,ipc-2023/sugar,pfile13.pddl,False,False,2400.0,2,73,513,1170,2
PATTY-R,line-exchange,3_5_90_50.pddl,False,False,2790.0,3,133,50,105,3
PATTY,ipc-2023/rover,pfile14.pddl,False,True,15000,-1,0,1133,2697,3
PATTY-R-FROM-SECOND,ipc-2023/satellite,pfile20.pddl,False,True,15000,-1,0,-1,-1,-1
PATTY-R-FROM-SECOND,ipc-2023/tpp,p29.pddl,False,True,15000,-1,0,-1,-1,-1
PATTY-R-FROM-SECOND,ipc-2023/fo-sailing,instance_2_2_1229.pddl,False,False,2730.0,1,315,40,93,1
PATTY-R-FROM-SECOND,ipc-2023/rover,pfile3.pddl,False,False,4250.0,3,89,256,494,3
PATTY-R-FROM-SECOND,ipc-2023/delivery,prob09.pddl,False,True,15000,-1,0,-1,-1,-1
PATTY,ipc-2023/farmland,instance_10_700_1229.pddl,False,False,640.0,1,1412,126,242,1
PATTY,ipc-2023/fo-sailing,instance_2_1_1229.pddl,False,False,500.0,1,178,36,83,1
PATTY-R,ipc-2023/delivery,prob14.pddl,False,True,15000,-1,0,-1,-1,-1
PATTY-R,ipc-2023/satellite,pfile14.pddl,False,True,15000,-1,0,-1,-1,-1
PATTY,line-exchange,5_15_90_10.pddl,False,False,1520.0,5,140,92,195,5
PATTY-R,ipc-2023/fo-farmland,instance_8_500_1229.pddl,False,False,2690.0,1,1537,103,188,1
PATTY-R-FROM-SECOND,ipc-2023/fo-farmland,instance_4_400_1229.pddl,False,False,2500.0,1,1206,47,84,1
PATTY,line-exchange,3_15_90_100.pddl,False,False,770.0,4,583,50,105,4
PATTY,ipc-2023/satellite,pfile10.pddl,False,True,15000,-1,0,-1,-1,1
PATTY-R-FROM-SECOND,ipc-2023/fo_counters,instance_21.pddl,False,False,8200.0,2,480,170,382,2
PATTY-R,line-exchange,3_10_50_50.pddl,False,False,3530.0,5,347,50,105,5
PATTY-R,ipc-2023/sailing,instance_1_10_1229.pddl,False,True,15000,-1,0,-1,-1,-1
PATTY-R,ipc-2023/zenotravel,pfile5.pddl,False,False,3160.0,2,26,206,604,2
PATTY-R-FROM-SECOND,ipc-2023/fo_counters,instance_19.pddl,False,False,7510.0,2,364,154,346,2
PATTY-R-FROM-SECOND,line-exchange,5_5_50_100.pddl,False,False,3880.0,4,1137,92,195,4
PATTY-R,ipc-2023/sailing,instance_4_5_1229.pddl,False,False,2790.0,2,3638,74,135,2
PATTY-R-FROM-SECOND,line-exchange,3_5_90_10.pddl,False,False,2650.0,3,66,50,105,3
PATTY-R,line-exchange,4_10_50_50.pddl,False,False,5440.0,5,354,71,150,5
PATTY-R,ipc-2023/sailing,instance_2_8_1229.pddl,False,False,2490.0,2,2530,54,103,2
PATTY-R,ipc-2023/fo-sailing,instance_4_4_1229.pddl,False,False,2520.0,1,1715,86,215,1
PATTY-R,line-exchange,5_5_25_10.pddl,False,False,8520.0,7,238,92,195,7
PATTY-R-FROM-SECOND,ipc-2023/fo_counters,instance_13.pddl,False,False,2900.0,2,204,106,238,2
PATTY-R-FROM-SECOND,ipc-2023/pathwaysmetric,pfile24.pddl,False,True,15000,-1,0,-1,-1,-1
PATTY-R-FROM-SECOND,ipc-2023/pathwaysmetric,pfile13.pddl,False,True,15000,-1,0,-1,-1,-1
PATTY,ipc-2023/expedition,pfile12.pddl,False,True,15000,-1,0,238,544,7
PATTY-R-FROM-SECOND,line-exchange,2_15_25_10.pddl,False,False,2500.0,2,42,29,60,2
PATTY-R,ipc-2023/counters,rnd_instance_20_1.pddl,False,False,2550.0,1,530,80,161,1
PATTY-R,line-exchange,5_10_50_50.pddl,False,False,4960.0,5,460,92,195,5
PATTY-R,ipc-2023/ext-plant-watering,instance_11_5_2_1.pddl,False,False,3920.0,7,363,56,134,7
PATTY-R,ipc-2023/drone,problem_1_8_1.pddl,False,False,3640.0,8,43,40,81,8
PATTY,ipc-2023/expedition,pfile11.pddl,False,False,1030.0,3,40,94,211,3
PATTY-R-FROM-SECOND,ipc-2023/mprime,pfile09.pddl,False,False,5370.0,1,48,1225,3687,1
PATTY,line-exchange,3_10_50_10.pddl,False,False,1140.0,5,64,50,105,5
PATTY,line-exchange,2_10_25_100.pddl,False,False,450.0,1,9,29,60,1
PATTY,ipc-2023/drone,problem_8_1_4.pddl,False,True,15000,-1,0,112,201,10
PATTY,ipc-2023/farmland,instance_4_700_1229.pddl,False,False,490.0,1,1333,42,80,1
PATTY,ipc-2023/sugar,pfile11.pddl,False,False,1130.0,1,38,509,1157,1
PATTY-R-FROM-SECOND,ipc-2023/ext-plant-watering,instance_12_15_2_1.pddl,False,True,15000,-1,0,-1,-1,-1
PATTY,line-exchange-quantity,15.pddl,False,False,1100.0,5,113,71,150,5
PATTY,ipc-2023/delivery,prob10.pddl,False,True,15000,-1,0,2312,7159,2
PATTY-R-FROM-SECOND,ipc-2023/delivery,prob15.pddl,False,True,15000,-1,0,-1,-1,-1
PATTY,ipc-2023/delivery,prob16.pddl,False,True,15000,-1,0,-1,-1,1
PATTY-R-FROM-SECOND,ipc-2023/fo-sailing,instance_1_3_1229.pddl,False,False,3100.0,3,1200,26,56,3
PATTY,ipc-2023/tpp,p04.pddl,False,False,1360.0,3,19,124,299,3
PATTY-R,line-exchange,2_5_50_50.pddl,False,False,2570.0,3,112,29,60,3
PATTY-R,ipc-2023/fo-sailing,instance_2_3_1229.pddl,False,False,2640.0,2,1179,44,103,2
PATTY-R-FROM-SECOND,ipc-2023/sailing,instance_4_6_1229.pddl,False,False,2580.0,2,3014,80,153,2
PATTY-R-FROM-SECOND,ipc-2023/sailing,instance_4_7_1229.pddl,False,False,2670.0,2,2988,86,171,2
PATTY-R,ipc-2023/expedition,pfile4.pddl,False,True,15000,-1,0,-1,-1,-1
PATTY,line-exchange,3_10_50_100.pddl,False,False,650.0,3,425,50,105,3
PATTY-R,ipc-2023/hydropower,pfile07.pddl,False,True,15000,-1,0,-1,-1,-1
PATTY,ipc-2023/fo-sailing,instance_3_1_1229.pddl,False,False,510.0,1,192,52,122,1
PATTY-R,line-exchange,2_5_90_50.pddl,False,False,2480.0,3,108,29,60,3
PATTY-R-FROM-SECOND,ipc-2023/hydropower,pfile08.pddl,False,True,15000,-1,0,-1,-1,-1
PATTY-R-FROM-SECOND,ipc-2023/pathwaysmetric,pfile04.pddl,False,True,15000,-1,0,-1,-1,-1
PATTY,ipc-2023/drone,problem_6_8_1.pddl,False,True,15000,-1,0,160,281,10
PATTY-R,ipc-2023/expedition,pfile1.pddl,False,False,4730.0,7,58,116,239,7
PATTY,ipc-2023/sugar,pfile06.pddl,False,False,2250.0,2,31,513,1170,2
PATTY-R,ipc-2023/drone,problem_5_2_2.pddl,False,True,15000,-1,0,-1,-1,-1
PATTY-R,line-exchange,2_15_25_100.pddl,False,False,2650.0,1,9,29,60,1
PATTY-R,ipc-2023/rover,pfile8.pddl,False,False,12940.0,3,90,772,1782,3
PATTY,ipc-2023/zenotravel,pfile18.pddl,False,True,15000,-1,0,-1,-1,1
PATTY,ipc-2023/fo_counters,instance_9.pddl,False,False,1000.0,2,167,74,166,2
PATTY,line-exchange,2_5_25_10.pddl,False,False,550.0,3,36,29,60,3
PATTY-R,ipc-2023/delivery,prob10.pddl,False,True,15000,-1,0,-1,-1,-1
PATTY,ipc-2023/sailing,instance_4_10_1229.pddl,False,False,1000.0,3,3001,104,225,3
PATTY-R-FROM-SECOND,ipc-2023/ext-plant-watering,instance_12_19_2_1.pddl,False,True,15000,-1,0,-1,-1,-1
PATTY,line-exchange-quantity,8.pddl,False,False,1030.0,5,72,71,150,5
PATTY-R,ipc-2023/tpp,p07.pddl,False,True,15000,-1,0,-1,-1,-1
PATTY-R-FROM-SECOND,ipc-2023/ext-plant-watering,instance_12_17_2_1.pddl,False,True,15000,-1,0,-1,-1,-1
PATTY,ipc-2023/fo-sailing,instance_2_3_1229.pddl,False,False,610.0,2,769,44,103,2
PATTY-R,ipc-2023/zenotravel,pfile13.pddl,False,True,15000,-1,0,-1,-1,-1
PATTY,line-exchange-quantity,16.pddl,False,False,820.0,4,105,71,150,4
PATTY-R-FROM-SECOND,line-exchange,3_5_25_50.pddl,False,False,2670.0,3,181,50,105,3
PATTY-R-FROM-SECOND,ipc-2023/mprime,pfile14.pddl,False,True,15000,-1,0,-1,-1,-1
PATTY-R,ipc-2023/fo_counters,instance_15.pddl,False,True,15000,-1,0,-1,-1,-1
PATTY-R,ipc-2023/farmland,instance_2_300_1229.pddl,False,False,2360.0,1,199,14,26,1
PATTY,line-exchange,4_10_50_100.pddl,False,False,980.0,5,660,71,150,5
PATTY-R,ipc-2023/expedition,pfile12.pddl,False,True,15000,-1,0,-1,-1,-1
PATTY-R,ipc-2023/fo-farmland,instance_2_400_1229.pddl,False,False,2400.0,1,233,19,32,1
PATTY,ipc-2023/farmland,instance_4_800_1229.pddl,False,False,530.0,1,1491,42,80,1
PATTY-R,ipc-2023/drone,problem_2_9_1.pddl,False,True,15000,-1,0,-1,-1,-1
PATTY-R-FROM-SECOND,line-exchange,4_10_50_50.pddl,False,False,2760.0,3,339,71,150,3
PATTY,ipc-2023/sugar,pfile19.pddl,False,True,15000,-1,0,513,1170,3
PATTY-R-FROM-SECOND,ipc-2023/sailing,instance_2_8_1229.pddl,False,False,2700.0,4,2536,54,103,4
PATTY-R-FROM-SECOND,ipc-2023/sugar,pfile14.pddl,False,False,6510.0,3,81,513,1170,3
PATTY-R,line-exchange-quantity,17.pddl,False,False,6230.0,9,120,71,150,9
PATTY,line-exchange-quantity,2.pddl,False,False,1000.0,5,82,71,150,5
PATTY-R,ipc-2023/fo-farmland,instance_6_900_1229.pddl,False,False,4540.0,2,979,75,136,2
PATTY-R-FROM-SECOND,line-exchange,5_5_25_50.pddl,False,True,15000,-1,0,-1,-1,-1
PATTY-R-FROM-SECOND,ipc-2023/fo-sailing,instance_3_4_1229.pddl,False,False,2640.0,2,1615,67,164,2
PATTY-R-FROM-SECOND,line-exchange,4_15_90_10.pddl,False,False,6750.0,5,163,71,150,5
PATTY,line-exchange,2_5_90_100.pddl,False,False,530.0,3,218,29,60,3
PATTY-R,ipc-2023/fo-farmland,instance_8_600_1229.pddl,False,False,2620.0,1,1805,103,188,1
PATTY,line-exchange,2_15_90_50.pddl,False,False,490.0,2,116,29,60,2
PATTY-R,ipc-2023/delivery,prob12.pddl,False,True,15000,-1,0,-1,-1,-1
PATTY,ipc-2023/ext-plant-watering,instance_11_17_2_1.pddl,False,True,15000,-1,0,104,242,8
PATTY,ipc-2023/satellite,pfile13.pddl,False,True,15000,-1,0,-1,-1,-1
PATTY-R-FROM-SECOND,ipc-2023/hydropower,pfile06.pddl,False,False,13590.0,1,60,444,788,1
PATTY-R-FROM-SECOND,ipc-2023/ext-plant-watering,instance_15_17_2_1.pddl,False,True,15000,-1,0,-1,-1,-1
PATTY-R-FROM-SECOND,ipc-2023/block-grouping,instance_20_10_2_1.pddl,False,False,2550.0,1,284,80,201,1
PATTY,line-exchange,3_5_90_100.pddl,False,False,600.0,3,533,50,105,3
PATTY-R,line-exchange,5_10_25_100.pddl,False,False,4420.0,4,1170,92,195,4
PATTY-R-FROM-SECOND,line-exchange,4_15_50_10.pddl,False,False,3250.0,5,120,71,150,5
PATTY-R,ipc-2023/rover,pfile18.pddl,False,True,15000,-1,0,-1,-1,-1
PATTY,ipc-2023/tpp,p34.pddl,False,True,15000,-1,0,-1,-1,1
PATTY-R,ipc-2023/drone,problem_2_8_3.pddl,False,True,15000,-1,0,-1,-1,-1
PATTY,ipc-2023/farmland,instance_4_400_1229.pddl,False,False,510.0,1,401,42,80,1
PATTY-R,ipc-2023/pathwaysmetric,pfile06.pddl,False,True,15000,-1,0,-1,-1,-1
PATTY,ipc-2023/rover,pfile12.pddl,False,False,5440.0,1,39,864,1970,1
PATTY-R,ipc-2023/fo-farmland,instance_6_800_1229.pddl,False,False,2520.0,1,832,75,136,1
PATTY-R,ipc-2023/block-grouping,instance_15_25_6_3.pddl,False,False,3120.0,1,361,200,501,1
PATTY,ipc-2023/fo_counters,instance_5.pddl,False,False,510.0,1,40,42,94,1
PATTY-R,ipc-2023/hydropower,pfile08.pddl,False,True,15000,-1,0,-1,-1,-1
PATTY,ipc-2023/counters,fz_instance_40.pddl,False,False,590.0,1,936,160,401,1
PATTY-R-FROM-SECOND,ipc-2023/counters,rnd_instance_40_2.pddl,False,False,2620.0,1,1975,160,321,1
PATTY-R-FROM-SECOND,ipc-2023/counters,rnd_instance_24_1.pddl,False,False,2520.0,1,837,96,241,1
PATTY-R,ipc-2023/fo_counters,instance_18.pddl,False,True,15000,-1,0,-1,-1,-1
PATTY-R,ipc-2023/drone,problem_4_9_5.pddl,False,True,15000,-1,0,-1,-1,-1
PATTY-R-FROM-SECOND,ipc-2023/expedition,pfile5.pddl,False,True,15000,-1,0,-1,-1,-1
PATTY-R,ipc-2023/fo-farmland,instance_8_400_1229.pddl,False,False,2620.0,1,437,103,188,1
PATTY-R-FROM-SECOND,ipc-2023/tpp,p37.pddl,False,True,15000,-1,0,-1,-1,-1
PATTY-R-FROM-SECOND,line-exchange,2_15_90_50.pddl,False,False,2480.0,2,117,29,60,2
PATTY-R,ipc-2023/sugar,pfile19.pddl,False,False,6980.0,3,91,513,1170,3
PATTY-R-FROM-SECOND,line-exchange-quantity,12.pddl,False,False,3040.0,4,97,71,150,4
PATTY-R-FROM-SECOND,ipc-2023/sailing,instance_2_4_1229.pddl,False,False,2470.0,2,1464,38,63,2
PATTY,ipc-2023/ext-plant-watering,instance_12_17_2_1.pddl,False,True,15000,-1,0,104,242,7
PATTY-R,ipc-2023/sailing,instance_2_9_1229.pddl,False,False,2650.0,3,2807,58,113,3
PATTY-R,line-exchange,3_10_25_50.pddl,False,False,3750.0,5,281,50,105,5
PATTY,ipc-2023/pathwaysmetric,pfile20.pddl,False,True,15000,-1,0,-1,-1,-1
PATTY-R,line-exchange,2_5_90_100.pddl,False,False,2720.0,4,225,29,60,4
PATTY-R,ipc-2023/tpp,p33.pddl,False,True,15000,-1,0,-1,-1,-1
PATTY-R-FROM-SECOND,ipc-2023/farmland,instance_6_500_1229.pddl,False,False,2530.0,1,866,70,134,1
PATTY,ipc-2023/pathwaysmetric,pfile08.pddl,False,True,15000,-1,0,-1,-1,-1
PATTY-R-FROM-SECOND,ipc-2023/delivery,prob06.pddl,False,True,15000,-1,0,-1,-1,-1
PATTY-R,ipc-2023/block-grouping,instance_25_15_3_1.pddl,False,False,2690.0,1,468,120,301,1
PATTY,ipc-2023/drone,problem_2_9_1.pddl,False,True,15000,-1,0,70,131,11
PATTY,ipc-2023/block-grouping,instance_11_40_10_1.pddl,False,False,1470.0,1,647,320,801,1
PATTY-R-FROM-SECOND,ipc-2023/expedition,pfile14.pddl,False,True,15000,-1,0,-1,-1,-1
PATTY-R-FROM-SECOND,ipc-2023/fo-sailing,instance_5_1_1229.pddl,False,False,2550.0,1,180,84,200,1
PATTY-R-FROM-SECOND,line-exchange,3_15_50_10.pddl,False,False,2660.0,3,79,50,105,3
PATTY-R-FROM-SECOND,ipc-2023/fo-sailing,instance_3_1_1229.pddl,False,False,2470.0,1,310,52,122,1
PATTY-R,line-exchange-quantity,9.pddl,False,False,3660.0,6,89,71,150,6
PATTY-R-FROM-SECOND,line-exchange,3_10_50_10.pddl,False,False,2990.0,5,107,50,105,5
PATTY-R,ipc-2023/tpp,p25.pddl,False,True,15000,-1,0,-1,-1,-1
PATTY,ipc-2023/mprime,pfile27.pddl,False,False,1290.0,1,152,573,1600,1
PATTY-R-FROM-SECOND,line-exchange,5_5_50_50.pddl,False,False,3560.0,4,466,92,195,4
PATTY-R-FROM-SECOND,ipc-2023/satellite,pfile8.pddl,False,True,15000,-1,0,-1,-1,-1
PATTY-R,ipc-2023/fo-farmland,instance_10_200_1229.pddl,False,False,5680.0,2,477,131,240,2
PATTY,ipc-2023/counters,rnd_instance_8_2.pddl,False,False,460.0,1,119,32,81,1
PATTY-R-FROM-SECOND,ipc-2023/fo-farmland,instance_6_400_1229.pddl,False,False,3140.0,1,942,75,136,1
PATTY-R,ipc-2023/ext-plant-watering,instance_15_17_2_1.pddl,False,True,15000,-1,0,-1,-1,-1
PATTY-R,ipc-2023/sailing,instance_3_6_1229.pddl,False,False,2430.0,1,1804,63,118,1
PATTY,line-exchange-quantity,6.pddl,False,False,2110.0,7,100,71,150,7
PATTY-R,ipc-2023/mprime,pfile13.pddl,False,True,15000,-1,0,-1,-1,-1
PATTY-R,ipc-2023/rover,pfile2.pddl,False,False,3050.0,2,19,181,344,2
PATTY-R-FROM-SECOND,ipc-2023/rover,pfile13.pddl,False,True,15000,-1,0,-1,-1,-1
PATTY-R-FROM-SECOND,ipc-2023/tpp,p18.pddl,False,True,15000,-1,0,-1,-1,-1
PATTY-R-FROM-SECOND,ipc-2023/tpp,p21.pddl,False,True,15000,-1,0,-1,-1,-1
PATTY-R-FROM-SECOND,line-exchange,5_10_90_10.pddl,False,False,9210.0,5,219,92,195,5
PATTY,ipc-2023/rover,pfile4.pddl,False,False,960.0,1,32,287,550,1
PATTY-R,ipc-2023/drone,problem_10_10_3.pddl,False,True,15000,-1,0,-1,-1,-1
PATTY,ipc-2023/sailing,instance_3_6_1229.pddl,False,False,520.0,2,1011,63,118,2
PATTY-R,ipc-2023/rover,pfile15.pddl,False,True,15000,-1,0,-1,-1,-1
PATTY-R-FROM-SECOND,ipc-2023/farmland,instance_8_400_1229.pddl,False,False,2700.0,1,945,98,188,1
PATTY-R,ipc-2023/zenotravel,pfile20.pddl,False,True,15000,-1,0,-1,-1,-1
PATTY,ipc-2023/satellite,pfile11.pddl,False,True,15000,-1,0,-1,-1,1
PATTY-R,ipc-2023/fo-farmland,instance_6_100_1229.pddl,False,False,2580.0,1,34,75,136,1
PATTY-R,line-exchange,4_5_90_50.pddl,False,False,7120.0,6,638,71,150,6
PATTY,ipc-2023/counters,rnd_instance_40_1.pddl,False,False,610.0,1,1828,160,321,1
PATTY,ipc-2023/farmland,instance_4_200_1229.pddl,False,False,490.0,1,596,42,80,1
PATTY-R,ipc-2023/satellite,pfile8.pddl,False,True,15000,-1,0,-1,-1,-1
PATTY-R,ipc-2023/fo-sailing,instance_1_1_1229.pddl,False,False,2500.0,2,533,20,44,2
PATTY-R,ipc-2023/mprime,pfile27.pddl,False,False,5140.0,2,248,573,1600,2
PATTY-R-FROM-SECOND,line-exchange,5_15_90_10.pddl,False,False,3190.0,4,141,92,195,4
PATTY,ipc-2023/fo-farmland,instance_8_500_1229.pddl,False,False,5240.0,1,1276,103,188,1
PATTY-R-FROM-SECOND,ipc-2023/satellite,pfile19.pddl,False,True,15000,-1,0,-1,-1,-1
PATTY-R-FROM-SECOND,ipc-2023/farmland,instance_10_700_1229.pddl,False,False,2760.0,1,886,126,242,1
PATTY-R,ipc-2023/ext-plant-watering,instance_15_19_2_1.pddl,False,True,15000,-1,0,-1,-1,-1
PATTY,ipc-2023/fo-farmland,instance_2_200_1229.pddl,False,False,490.0,1,55,19,32,1
PATTY,ipc-2023/ext-plant-watering,instance_13_13_2_1.pddl,False,True,15000,-1,0,88,206,8
PATTY-R,ipc-2023/sailing,instance_4_7_1229.pddl,False,False,2620.0,2,3114,86,171,2
PATTY-R,ipc-2023/fo-sailing,instance_4_3_1229.pddl,False,False,2590.0,1,805,80,197,1
PATTY-R-FROM-SECOND,ipc-2023/fo-sailing,instance_4_4_1229.pddl,False,False,2550.0,1,779,86,215,1
PATTY-R,ipc-2023/hydropower,pfile02.pddl,False,True,15000,-1,0,-1,-1,-1
PATTY-R-FROM-SECOND,ipc-2023/farmland,instance_4_800_1229.pddl,False,False,2530.0,1,579,42,80,1
PATTY-R-FROM-SECOND,ipc-2023/fo_counters,instance_11.pddl,False,False,3230.0,2,170,90,202,2
PATTY-R-FROM-SECOND,ipc-2023/tpp,p28.pddl,False,True,15000,-1,0,-1,-1,-1
PATTY-R,line-exchange-quantity,20.pddl,False,False,4310.0,7,144,71,150,7
PATTY,ipc-2023/rover,pfile6.pddl,False,True,15000,-1,0,446,976,5
PATTY-R,ipc-2023/pathwaysmetric,pfile04.pddl,False,True,15000,-1,0,-1,-1,-1
PATTY-R-FROM-SECOND,line-exchange,2_15_50_100.pddl,False,False,2740.0,3,216,29,60,3
PATTY-R,ipc-2023/farmland,instance_8_400_1229.pddl,False,False,2690.0,1,407,98,188,1
PATTY-R-FROM-SECOND,ipc-2023/block-grouping,instance_11_40_10_1.pddl,False,False,4250.0,1,554,320,801,1
PATTY-R,ipc-2023/sugar,pfile07.pddl,False,False,5980.0,3,48,478,1084,3
PATTY-R-FROM-SECOND,ipc-2023/ext-plant-watering,instance_14_13_2_1.pddl,False,True,15000,-1,0,-1,-1,-1
PATTY-R-FROM-SECOND,ipc-2023/farmland,instance_6_200_1229.pddl,False,False,2590.0,1,509,70,134,1
PATTY-R-FROM-SECOND,ipc-2023/hydropower,pfile04.pddl,False,False,12850.0,1,50,444,788,1
PATTY-R,ipc-2023/block-grouping,instance_20_10_2_1.pddl,False,False,2600.0,1,272,80,201,1
PATTY-R-FROM-SECOND,ipc-2023/counters,fz_instance_12.pddl,False,False,2490.0,1,110,48,121,1
PATTY-R-FROM-SECOND,line-exchange,5_15_50_10.pddl,False,False,3910.0,5,159,92,195,5
PATTY,ipc-2023/hydropower,pfile04.pddl,False,True,15000,-1,0,-1,-1,1
PATTY-R-FROM-SECOND,ipc-2023/ext-plant-watering,instance_13_15_2_1.pddl,False,True,15000,-1,0,-1,-1,-1
PATTY-R-FROM-SECOND,ipc-2023/ext-plant-watering,instance_13_13_2_1.pddl,False,True,15000,-1,0,-1,-1,-1
PATTY-R-FROM-SECOND,ipc-2023/hydropower,pfile02.pddl,False,False,13720.0,1,48,444,788,1
PATTY,ipc-2023/satellite,pfile9.pddl,False,True,15000,-1,0,-1,-1,1
PATTY-R,ipc-2023/sailing,instance_3_4_1229.pddl,False,False,2520.0,2,2547,53,90,2
PATTY,ipc-2023/farmland,instance_6_900_1229.pddl,False,False,550.0,1,935,70,134,1
PATTY,ipc-2023/block-grouping,instance_11_35_8_3.pddl,False,False,1220.0,1,542,280,701,1
PATTY,line-exchange,4_5_25_50.pddl,False,False,670.0,3,247,71,150,3
PATTY-R,line-exchange,5_5_50_10.pddl,False,False,5020.0,6,174,92,195,6
PATTY-R-FROM-SECOND,ipc-2023/zenotravel,pfile16.pddl,False,True,15000,-1,0,-1,-1,-1
PATTY,ipc-2023/satellite,pfile16.pddl,False,True,15000,-1,0,-1,-1,-1
PATTY-R-FROM-SECOND,ipc-2023/delivery,prob04.pddl,False,False,13190.0,3,39,662,1902,3
PATTY-R-FROM-SECOND,ipc-2023/sugar,pfile04.pddl,False,False,10730.0,4,74,478,1084,4
PATTY-R-FROM-SECOND,ipc-2023/ext-plant-watering,instance_10_11_2_1.pddl,False,True,15000,-1,0,-1,-1,-1
PATTY,line-exchange,3_10_25_50.pddl,False,False,620.0,3,234,50,105,3
PATTY-R,line-exchange,2_5_25_50.pddl,False,False,2510.0,1,9,29,60,1
PATTY-R,ipc-2023/sugar,pfile09.pddl,False,False,6170.0,3,63,513,1170,3
PATTY-R,ipc-2023/sailing,instance_4_6_1229.pddl,False,False,2720.0,2,3713,80,153,2
PATTY,ipc-2023/rover,pfile5.pddl,False,False,1770.0,2,88,370,804,2
PATTY-R,line-exchange-quantity,13.pddl,False,False,7550.0,10,152,71,150,10
PATTY,ipc-2023/satellite,pfile15.pddl,False,True,15000,-1,0,-1,-1,-1
PATTY-R-FROM-SECOND,ipc-2023/drone,problem_1_1_4.pddl,False,False,2620.0,3,27,28,61,3
PATTY-R-FROM-SECOND,ipc-2023/rover,pfile4.pddl,False,False,3390.0,1,22,287,550,1
PATTY-R,line-exchange,5_15_90_100.pddl,False,True,15000,-1,0,-1,-1,-1
PATTY,ipc-2023/tpp,p37.pddl,False,True,15000,-1,0,-1,-1,1
PATTY-R,ipc-2023/fo_counters,instance_19.pddl,False,True,15000,-1,0,-1,-1,-1
PATTY,ipc-2023/drone,problem_4_9_5.pddl,False,True,15000,-1,0,556,941,8
PATTY,ipc-2023/hydropower,pfile28.pddl,False,False,4010.0,1,474,444,788,1
PATTY-R,ipc-2023/mprime,pfile16.pddl,False,True,15000,-1,0,-1,-1,-1
PATTY-R-FROM-SECOND,line-exchange,4_10_50_10.pddl,False,False,2740.0,3,110,71,150,3
PATTY-R,ipc-2023/delivery,prob19.pddl,False,True,15000,-1,0,-1,-1,-1
PATTY-R,line-exchange,3_10_50_10.pddl,False,False,3000.0,5,76,50,105,5
PATTY-R,line-exchange,3_15_90_100.pddl,False,False,5070.0,6,635,50,105,6
PATTY-R-FROM-SECOND,ipc-2023/zenotravel,pfile15.pddl,False,True,15000,-1,0,-1,-1,-1
PATTY-R-FROM-SECOND,ipc-2023/satellite,pfile1.pddl,False,True,15000,-1,0,-1,-1,-1
PATTY,line-exchange,4_5_90_10.pddl,False,False,660.0,3,106,71,150,3
PATTY,ipc-2023/expedition,pfile4.pddl,False,True,15000,-1,0,156,323,9
PATTY,ipc-2023/drone,problem_4_2_5.pddl,False,True,15000,-1,0,136,241,10
PATTY-R,ipc-2023/tpp,p24.pddl,False,True,15000,-1,0,-1,-1,-1
PATTY,line-exchange-quantity,12.pddl,False,False,1510.0,6,113,71,150,6
PATTY-R,ipc-2023/block-grouping,instance_100_25_6_2.pddl,False,False,3170.0,1,2728,200,501,1
PATTY,line-exchange,4_10_50_10.pddl,False,False,810.0,4,117,71,150,4
PATTY-R-FROM-SECOND,ipc-2023/pathwaysmetric,pfile26.pddl,False,True,15000,-1,0,-1,-1,-1
PATTY-R,ipc-2023/satellite,pfile9.pddl,False,True,15000,-1,0,-1,-1,-1
PATTY,ipc-2023/block-grouping,instance_11_10_2_3.pddl,False,False,550.0,1,119,80,201,1
PATTY,line-exchange,2_5_50_10.pddl,False,False,480.0,1,9,29,60,1
PATTY-R-FROM-SECOND,line-exchange,5_15_90_50.pddl,False,True,15000,-1,0,-1,-1,-1
PATTY,ipc-2023/satellite,pfile2.pddl,False,True,15000,-1,0,210,507,3
PATTY-R,line-exchange-quantity,4.pddl,False,False,4350.0,7,86,71,150,7
PATTY,line-exchange,4_15_90_100.pddl,False,False,7790.0,5,776,71,150,5
PATTY,ipc-2023/ext-plant-watering,instance_14_13_2_1.pddl,False,True,15000,-1,0,88,206,9
PATTY,ipc-2023/fo-farmland,instance_10_200_1229.pddl,False,False,1610.0,1,247,131,240,1
PATTY-R-FROM-SECOND,ipc-2023/zenotravel,pfile19.pddl,False,True,15000,-1,0,-1,-1,-1
PATTY-R-FROM-SECOND,ipc-2023/ext-plant-watering,instance_10_7_2_1.pddl,False,False,12790.0,11,346,64,152,11
PATTY-R-FROM-SECOND,ipc-2023/fo_counters,instance_16.pddl,False,False,8080.0,2,380,130,292,2
PATTY-R,ipc-2023/block-grouping,instance_25_40_10_3.pddl,False,False,4450.0,1,1141,320,801,1
PATTY,ipc-2023/farmland,instance_10_500_1229.pddl,False,False,680.0,1,630,126,242,1
PATTY,ipc-2023/zenotravel,pfile1.pddl,False,False,700.0,3,15,74,190,3
PATTY,ipc-2023/sailing,instance_3_4_1229.pddl,False,False,500.0,2,2116,53,90,2
PATTY-R-FROM-SECOND,ipc-2023/pathwaysmetric,pfile06.pddl,False,True,15000,-1,0,-1,-1,-1
PATTY-R-FROM-SECOND,ipc-2023/mprime,pfile16.pddl,False,False,9850.0,1,166,2237,7160,1
PATTY-R-FROM-SECOND,ipc-2023/sugar,pfile07.pddl,False,False,4420.0,2,34,478,1084,2
PATTY-R,line-exchange,4_15_25_10.pddl,False,False,10750.0,6,151,71,150,6
PATTY-R,ipc-2023/fo-sailing,instance_5_4_1229.pddl,False,False,13650.0,2,1307,105,266,2
PATTY,line-exchange,3_15_50_50.pddl,False,False,1050.0,4,303,50,105,4
PATTY-R,ipc-2023/hydropower,pfile18.pddl,False,True,15000,-1,0,-1,-1,-1
PATTY-R-FROM-SECOND,ipc-2023/counters,inv_instance_4.pddl,False,False,2660.0,1,35,16,41,1
PATTY,ipc-2023/mprime,pfile01.pddl,False,False,630.0,1,64,179,406,1
PATTY-R-FROM-SECOND,line-exchange,2_5_25_100.pddl,False,False,2620.0,1,9,29,60,1
PATTY,ipc-2023/delivery,prob17.pddl,False,True,15000,-1,0,-1,-1,-1
PATTY-R,ipc-2023/hydropower,pfile13.pddl,False,True,15000,-1,0,-1,-1,-1
PATTY-R,ipc-2023/satellite,pfile5.pddl,False,True,15000,-1,0,-1,-1,-1
PATTY-R,ipc-2023/drone,problem_7_6_4.pddl,False,True,15000,-1,0,-1,-1,-1
PATTY-R,line-exchange,3_15_25_10.pddl,False,False,3070.0,5,98,50,105,5
PATTY-R,ipc-2023/fo-sailing,instance_3_1_1229.pddl,False,False,2520.0,1,182,52,122,1
PATTY,ipc-2023/tpp,p06.pddl,False,True,15000,-1,0,355,917,3
PATTY,ipc-2023/fo-sailing,instance_4_1_1229.pddl,False,False,500.0,1,296,68,161,1
PATTY-R-FROM-SECOND,ipc-2023/satellite,pfile2.pddl,False,True,15000,-1,0,-1,-1,-1
PATTY-R-FROM-SECOND,line-exchange-quantity,15.pddl,False,False,3730.0,6,120,71,150,6
PATTY-R-FROM-SECOND,line-exchange,4_15_90_100.pddl,False,False,4930.0,4,795,71,150,4
PATTY,ipc-2023/mprime,pfile25.pddl,False,False,560.0,1,34,140,335,1
PATTY-R-FROM-SECOND,line-exchange-quantity,11.pddl,False,False,3750.0,6,106,71,150,6
PATTY-R,line-exchange,4_5_90_100.pddl,False,False,3750.0,5,953,71,150,5
PATTY,ipc-2023/pathwaysmetric,pfile09.pddl,False,True,15000,-1,0,-1,-1,-1
PATTY-R-FROM-SECOND,ipc-2023/sailing,instance_3_6_1229.pddl,False,False,2650.0,2,2045,63,118,2
PATTY-R-FROM-SECOND,ipc-2023/farmland,instance_10_500_1229.pddl,False,False,2890.0,1,739,126,242,1
PATTY-R-FROM-SECOND,ipc-2023/farmland,instance_2_600_1229.pddl,False,False,2450.0,1,598,14,26,1
PATTY-R-FROM-SECOND,line-exchange,2_10_50_100.pddl,False,False,2510.0,2,223,29,60,2
PATTY-R,ipc-2023/sailing,instance_4_2_1229.pddl,False,False,2450.0,1,345,56,81,1
PATTY-R,ipc-2023/drone,problem_1_9_3.pddl,False,True,15000,-1,0,-1,-1,-1
PATTY,line-exchange-quantity,5.pddl,False,False,1540.0,6,88,71,150,6
PATTY,ipc-2023/rover,pfile9.pddl,False,True,15000,-1,0,850,1928,5
PATTY,ipc-2023/ext-plant-watering,instance_12_7_2_1.pddl,False,True,15000,-1,0,64,152,9
PATTY-R-FROM-SECOND,ipc-2023/drone,problem_1_9_3.pddl,False,True,15000,-1,0,-1,-1,-1
PATTY,line-exchange-quantity,13.pddl,False,False,1390.0,6,119,71,150,6
PATTY-R,ipc-2023/zenotravel,pfile21.pddl,False,True,15000,-1,0,-1,-1,-1
PATTY-R-FROM-SECOND,ipc-2023/delivery,prob13.pddl,False,True,15000,-1,0,-1,-1,-1
PATTY-R-FROM-SECOND,ipc-2023/delivery,prob02.pddl,False,False,3970.0,2,22,350,954,2
PATTY-R,ipc-2023/mprime,pfile21.pddl,False,True,15000,-1,0,-1,-1,-1
PATTY-R,line-exchange,3_5_50_100.pddl,False,False,4270.0,6,712,50,105,6
PATTY-R-FROM-SECOND,ipc-2023/hydropower,pfile28.pddl,False,True,15000,-1,0,-1,-1,-1
PATTY-R,ipc-2023/zenotravel,pfile1.pddl,False,False,2890.0,3,13,74,190,3
PATTY,ipc-2023/pathwaysmetric,pfile01.pddl,False,False,7340.0,1,36,186,318,1
PATTY-R,ipc-2023/sailing,instance_2_10_1229.pddl,False,False,2700.0,3,2855,62,123,3
PATTY,line-exchange,3_10_90_10.pddl,False,False,750.0,4,101,50,105,4
PATTY-R-FROM-SECOND,line-exchange,4_10_25_50.pddl,False,False,2790.0,3,282,71,150,3
PATTY-R,ipc-2023/drone,problem_8_1_4.pddl,False,True,15000,-1,0,-1,-1,-1
PATTY-R-FROM-SECOND,ipc-2023/delivery,prob11.pddl,False,True,15000,-1,0,-1,-1,-1
PATTY,line-exchange,5_10_25_10.pddl,False,False,1040.0,4,146,92,195,4
PATTY-R,ipc-2023/satellite,pfile7.pddl,False,True,15000,-1,0,-1,-1,-1
PATTY-R-FROM-SECOND,ipc-2023/zenotravel,pfile5.pddl,False,False,2810.0,1,18,206,604,1
PATTY-R-FROM-SECOND,ipc-2023/sailing,instance_1_7_1229.pddl,False,False,2740.0,6,1632,32,54,6
PATTY-R,ipc-2023/fo-sailing,instance_3_4_1229.pddl,False,False,2550.0,1,1278,67,164,1
PATTY,ipc-2023/expedition,pfile1.pddl,False,False,1400.0,4,54,116,239,4
PATTY-R-FROM-SECOND,ipc-2023/mprime,pfile24.pddl,False,True,15000,-1,0,-1,-1,-1
PATTY-R-FROM-SECOND,line-exchange-quantity,6.pddl,False,False,3340.0,5,73,71,150,5
PATTY-R,line-exchange,4_5_25_50.pddl,False,False,2850.0,3,223,71,150,3
PATTY-R,line-exchange-quantity,6.pddl,False,False,3890.0,6,74,71,150,6
PATTY-R,ipc-2023/tpp,p38.pddl,False,True,15000,-1,0,-1,-1,-1
PATTY-R,ipc-2023/farmland,instance_10_700_1229.pddl,False,False,3670.0,2,1364,126,242,2
PATTY-R-FROM-SECOND,ipc-2023/sailing,instance_1_10_1229.pddl,False,False,3330.0,9,3124,41,72,9
PATTY-R-FROM-SECOND,ipc-2023/satellite,pfile5.pddl,False,True,15000,-1,0,-1,-1,-1
PATTY-R-FROM-SECOND,line-exchange,3_10_25_100.pddl,False,False,3060.0,4,429,50,105,4
PATTY-R,ipc-2023/counters,rnd_instance_40_2.pddl,False,False,2690.0,1,1994,160,321,1
PATTY,ipc-2023/ext-plant-watering,instance_12_15_2_1.pddl,False,True,15000,-1,0,96,224,8
PATTY,ipc-2023/mprime,pfile28.pddl,False,False,640.0,1,58,237,540,1
PATTY-R,line-exchange,4_10_25_50.pddl,False,False,2840.0,3,283,71,150,3
PATTY,ipc-2023/expedition,pfile7.pddl,False,True,15000,-1,0,216,449,7
PATTY-R,ipc-2023/fo_counters,instance_16.pddl,False,True,15000,-1,0,-1,-1,-1
PATTY-R,ipc-2023/ext-plant-watering,instance_13_9_2_1.pddl,False,False,10210.0,7,385,72,170,7
PATTY,ipc-2023/expedition,pfile6.pddl,False,True,15000,-1,0,196,407,8
PATTY-R-FROM-SECOND,ipc-2023/zenotravel,pfile10.pddl,False,False,5240.0,2,36,568,1758,2
PATTY,ipc-2023/block-grouping,instance_20_5_2_1.pddl,False,False,480.0,1,167,40,101,1
PATTY-R,line-exchange-quantity,5.pddl,False,False,3790.0,6,81,71,150,6
PATTY,ipc-2023/zenotravel,pfile10.pddl,False,False,6910.0,2,41,568,1758,2
PATTY-R-FROM-SECOND,ipc-2023/drone,problem_7_6_4.pddl,False,True,15000,-1,0,-1,-1,-1
PATTY-R,ipc-2023/pathwaysmetric,pfile26.pddl,False,True,15000,-1,0,-1,-1,-1
PATTY,ipc-2023/mprime,pfile23.pddl,False,True,15000,-1,0,-1,-1,1
PATTY-R,line-exchange,5_5_50_50.pddl,False,False,7470.0,5,723,92,195,5
PATTY-R,ipc-2023/sugar,pfile13.pddl,False,False,4470.0,2,53,513,1170,2
PATTY-R-FROM-SECOND,ipc-2023/sugar,pfile09.pddl,False,False,4920.0,2,45,513,1170,2
PATTY-R,ipc-2023/counters,inv_instance_16.pddl,False,False,2580.0,1,351,64,161,1
PATTY,ipc-2023/ext-plant-watering,instance_15_19_2_1.pddl,False,True,15000,-1,0,112,260,7
PATTY-R-FROM-SECOND,ipc-2023/mprime,pfile02.pddl,False,False,8119.999999999999,1,97,1807,5517,1
PATTY-R,ipc-2023/block-grouping,instance_20_5_2_2.pddl,False,False,2610.0,1,150,40,101,1
PATTY-R-FROM-SECOND,ipc-2023/ext-plant-watering,instance_11_5_2_1.pddl,False,False,3950.0,7,312,56,134,7
PATTY,ipc-2023/fo_counters,instance_19.pddl,False,False,2080.0,2,343,154,346,2
PATTY-R-FROM-SECOND,line-exchange,4_5_90_50.pddl,False,False,7770.0,5,496,71,150,5
PATTY,ipc-2023/sailing,instance_2_1_1229.pddl,False,False,450.0,1,177,26,33,1
PATTY,ipc-2023/sailing,instance_2_9_1229.pddl,False,False,670.0,4,2371,58,113,4
PATTY-R-FROM-SECOND,line-exchange,3_5_90_100.pddl,False,False,2850.0,3,618,50,105,3
PATTY,ipc-2023/pathwaysmetric,pfile07.pddl,False,True,15000,-1,0,-1,-1,-1
PATTY-R,ipc-2023/drone,problem_5_10_1.pddl,False,True,15000,-1,0,-1,-1,-1
PATTY-R,ipc-2023/pathwaysmetric,pfile20.pddl,False,True,15000,-1,0,-1,-1,-1
PATTY-R,ipc-2023/block-grouping,instance_15_10_2_3.pddl,False,False,2920.0,1,188,80,201,1
PATTY-R,ipc-2023/rover,pfile3.pddl,False,False,4370.0,3,49,256,494,3
PATTY-R-FROM-SECOND,line-exchange,5_15_90_100.pddl,False,True,15000,-1,0,-1,-1,-1
PATTY,line-exchange,3_15_25_50.pddl,False,False,740.0,4,249,50,105,4
PATTY-R-FROM-SECOND,line-exchange,4_10_50_100.pddl,False,False,7770.0,4,690,71,150,4
PATTY,ipc-2023/fo_counters,instance_3.pddl,False,False,460.0,1,9,26,58,1
PATTY,ipc-2023/expedition,pfile19.pddl,False,True,15000,-1,0,206,470,6
PATTY-R,line-exchange-quantity,12.pddl,False,False,3640.0,6,112,71,150,6
PATTY-R,ipc-2023/hydropower,pfile24.pddl,False,True,15000,-1,0,-1,-1,-1
PATTY-R-FROM-SECOND,ipc-2023/tpp,p22.pddl,False,True,15000,-1,0,-1,-1,-1
PATTY-R-FROM-SECOND,ipc-2023/counters,fz_instance_40.pddl,False,False,2650.0,1,936,160,401,1
PATTY-R-FROM-SECOND,ipc-2023/zenotravel,pfile3.pddl,False,False,2680.0,1,8,150,416,1
PATTY,ipc-2023/fo-farmland,instance_10_100_1229.pddl,False,False,1310.0,1,111,131,240,1
PATTY-R-FROM-SECOND,ipc-2023/satellite,pfile12.pddl,False,True,15000,-1,0,-1,-1,-1
PATTY-R,ipc-2023/pathwaysmetric,pfile23.pddl,False,True,15000,-1,0,-1,-1,-1
PATTY-R-FROM-SECOND,ipc-2023/fo-sailing,instance_4_3_1229.pddl,False,False,2740.0,1,332,80,197,1
PATTY-R,ipc-2023/delivery,prob20.pddl,False,True,15000,-1,0,-1,-1,-1
PATTY-R-FROM-SECOND,ipc-2023/farmland,instance_4_700_1229.pddl,False,False,2550.0,1,1510,42,80,1
PATTY-R,ipc-2023/block-grouping,instance_20_5_2_1.pddl,False,False,2570.0,1,133,40,101,1
PATTY,ipc-2023/farmland,instance_6_100_1229.pddl,False,False,650.0,1,251,70,134,1
PATTY-R-FROM-SECOND,ipc-2023/tpp,p36.pddl,False,True,15000,-1,0,-1,-1,-1
PATTY-R,ipc-2023/counters,rnd_instance_28_1.pddl,False,False,2620.0,1,984,112,225,1
PATTY-R-FROM-SECOND,line-exchange,5_10_25_100.pddl,False,False,3010.0,3,529,92,195,3
PATTY,line-exchange,2_10_25_50.pddl,False,False,510.0,2,116,29,60,2
PATTY-R-FROM-SECOND,ipc-2023/delivery,prob07.pddl,False,True,15000,-1,0,-1,-1,-1
PATTY-R,line-exchange,3_15_50_50.pddl,False,False,3570.0,6,387,50,105,6
PATTY-R-FROM-SECOND,ipc-2023/block-grouping,instance_11_10_2_3.pddl,False,False,2630.0,1,124,80,201,1
PATTY-R,ipc-2023/expedition,pfile7.pddl,False,True,15000,-1,0,-1,-1,-1
PATTY,ipc-2023/drone,problem_9_7_3.pddl,False,True,15000,-1,0,583,986,7
PATTY,line-exchange,3_10_25_100.pddl,False,False,680.0,4,435,50,105,4
PATTY-R-FROM-SECOND,ipc-2023/satellite,pfile3.pddl,False,True,15000,-1,0,-1,-1,-1
PATTY-R-FROM-SECOND,ipc-2023/fo-farmland,instance_6_600_1229.pddl,False,False,2850.0,1,1200,75,136,1
PATTY-R,ipc-2023/farmland,instance_4_200_1229.pddl,False,False,2540.0,1,201,42,80,1
PATTY,ipc-2023/zenotravel,pfile3.pddl,False,False,750.0,2,16,150,416,2
PATTY-R-FROM-SECOND,line-exchange,2_5_90_100.pddl,False,False,2570.0,2,216,29,60,2
PATTY-R,ipc-2023/expedition,pfile5.pddl,False,True,15000,-1,0,-1,-1,-1
PATTY,ipc-2023/rover,pfile20.pddl,False,True,15000,-1,0,-1,-1,-1
PATTY-R,line-exchange,5_15_90_10.pddl,False,False,5260.0,6,188,92,195,6
PATTY,ipc-2023/sugar,pfile09.pddl,False,False,2160.0,2,35,513,1170,2
PATTY,ipc-2023/sugar,pfile03.pddl,False,False,14820.0,3,46,447,1003,3
PATTY-R-FROM-SECOND,ipc-2023/expedition,pfile2.pddl,False,True,15000,-1,0,-1,-1,-1
PATTY,ipc-2023/sugar,pfile18.pddl,False,False,7150.0,3,72,513,1170,3
PATTY-R,ipc-2023/farmland,instance_4_700_1229.pddl,False,False,2520.0,1,729,42,80,1
PATTY-R-FROM-SECOND,line-exchange,3_15_25_50.pddl,False,False,2720.0,3,247,50,105,3
PATTY,ipc-2023/rover,pfile18.pddl,False,True,15000,-1,0,-1,-1,-1
PATTY-R-FROM-SECOND,ipc-2023/farmland,instance_4_400_1229.pddl,False,False,2520.0,1,778,42,80,1
PATTY-R-FROM-SECOND,ipc-2023/hydropower,pfile12.pddl,False,False,13710.0,1,108,444,788,1
PATTY,ipc-2023/zenotravel,pfile8.pddl,False,False,4080.0,2,28,476,1486,2
PATTY-R,ipc-2023/expedition,pfile13.pddl,False,True,15000,-1,0,-1,-1,-1
PATTY,ipc-2023/delivery,prob11.pddl,False,True,15000,-1,0,1726,5191,2
PATTY,ipc-2023/hydropower,pfile19.pddl,False,False,3190.0,1,98,444,788,1
PATTY-R,ipc-2023/sailing,instance_1_6_1229.pddl,False,False,4342400.0,5,5265,29,48,5
PATTY-R,ipc-2023/farmland,instance_8_700_1229.pddl,False,False,3260.0,1,2491,98,188,1
PATTY-R-FROM-SECOND,ipc-2023/fo-farmland,instance_8_400_1229.pddl,False,False,3180.0,1,440,103,188,1
PATTY-R-FROM-SECOND,line-exchange,5_15_25_50.pddl,False,False,5690.0,5,663,92,195,5
PATTY,line-exchange,3_10_50_50.pddl,False,False,610.0,3,227,50,105,3
PATTY-R,ipc-2023/rover,pfile10.pddl,False,True,15000,-1,0,-1,-1,-1
PATTY-R,ipc-2023/tpp,p02.pddl,False,False,3670.0,3,7,96,247,3
PATTY,ipc-2023/expedition,pfile17.pddl,False,True,15000,-1,0,174,396,6
PATTY,ipc-2023/pathwaysmetric,pfile15.pddl,False,True,15000,-1,0,-1,-1,-1
PATTY-R-FROM-SECOND,ipc-2023/hydropower,pfile13.pddl,False,True,15000,-1,0,-1,-1,-1
PATTY-R-FROM-SECOND,ipc-2023/block-grouping,instance_20_15_3_2.pddl,False,False,3160.0,1,401,120,301,1
PATTY-R,ipc-2023/zenotravel,pfile17.pddl,False,True,15000,-1,0,-1,-1,-1
PATTY,ipc-2023/rover,pfile2.pddl,False,False,980.0,2,18,181,344,2
PATTY-R-FROM-SECOND,line-exchange,3_5_50_10.pddl,False,False,3140.0,4,92,50,105,4
PATTY-R,line-exchange,2_10_90_100.pddl,False,False,3260.0,3,209,29,60,3
PATTY-R-FROM-SECOND,ipc-2023/sugar,pfile08.pddl,False,False,5480.0,2,37,513,1170,2
PATTY-R,ipc-2023/pathwaysmetric,pfile03.pddl,False,True,15000,-1,0,-1,-1,-1
PATTY-R-FROM-SECOND,ipc-2023/block-grouping,instance_15_25_6_3.pddl,False,False,3590.0,1,386,200,501,1
PATTY-R,ipc-2023/tpp,p29.pddl,False,True,15000,-1,0,-1,-1,-1
